Sections:
00: ".bss" (0-A)
01: ".data" (0-A)
02: ".text" (0-100)


Source: "add.asm"
                            	     1: # add test rfPhoenix asm
                            	     2: 
                            	     3: 	.bss
00:00000000 00              	     4: 	.space	10
00:00000001 *
                            	     5: 
                            	     6: 	.data
01:00000000 00              	     7: 	.space	10
01:00000001 *
                            	     8: 
                            	     9: #	.org	0xFFFFFFFFFFFD0000
                            	    10: 	.text
                            	    11: 	.align	1
                            	    12: start:
02:00000000 890040230101    	    13: 	LDI		r2,0x1234
02:00000006 444010000001    	    14: 	ADD		r1,r2,1
02:0000000C 442010000001    	    15: 	ADD		r1,r1,1
02:00000012 442010000001    	    16: 	ADD		r1,r1,1
02:00000018 442010000001    	    17: 	ADD		r1,r1,1
02:0000001E 442010000001    	    18: 	ADD		r1,r1,1
02:00000024 442010000001    	    19: 	ADD		r1,r1,1
02:0000002A 442010000001    	    20: 	ADD		r1,r1,1
02:00000030 442010000001    	    21: 	ADD		r1,r1,1
02:00000036 8900A0000001    	    22: 	LDI		r2,10
                            	    23: loop1:
02:0000003C 442010000001    	    24: 	ADD		r1,r1,1
02:00000042 8440F0FF7F01    	    25: 	ADD		r2,r2,-1
02:00000048 9C0000FD7FE1    	    26: 	BNE		r2,r0,loop1
                            	    27: mismatch:
02:0000004E 190000000001    	    28: 	BRA		mismatch
                            	    29: 
                            	    30: 	.balign	0x100,0x0B
                            	    31: 
                            	    32: 


Symbols by name:
loop1                           02:0000003C
mismatch                        02:0000004E
start                           02:00000000

Symbols by value:
00000000 start
0000003C loop1
0000004E mismatch
